18:43:13 INFO  : Registering command handlers for SDK TCF services
18:43:14 INFO  : Launching XSCT server: xsct.bat -interactive C:\shawn\HAPS_DEMO\smf_sd_emmc\smf_sd_emmc.sdk\temp_xsdb_launch_script.tcl
18:43:17 INFO  : XSCT server has started successfully.
18:43:17 INFO  : Successfully done setting XSCT server connection channel  
18:43:20 INFO  : Successfully done setting SDK workspace  
18:43:20 INFO  : Processing command line option -hwspec C:/shawn/HAPS_DEMO/smf_sd_emmc/smf_sd_emmc.sdk/bd_wrapper.hdf.
18:58:18 INFO  : SDK has detected change in the last modified timestamps for source hardware specification file Source:1606733851920,  Project:1606730581591
18:58:18 INFO  : Project bd_wrapper_hw_platform_0's source hardware specification located at C:/shawn/HAPS_DEMO/smf_sd_emmc/smf_sd_emmc.sdk/bd_wrapper.hdf is now different from the local copy.
		 The local copy will be replaced with the source specification and your workspace will be updated.
10:44:14 INFO  : Copied contents of C:/shawn/HAPS_DEMO/smf_sd_emmc/smf_sd_emmc.sdk/bd_wrapper.hdf into \bd_wrapper_hw_platform_0\system.hdf.
10:44:28 INFO  : Synchronizing projects in the workspace with the hardware platform specification changes.
10:44:34 INFO  : 
10:44:34 INFO  : Clearing existing target manager status.
10:44:34 INFO  : Closing and re-opening the MSS file of ther project standalone_bsp_0
10:44:36 INFO  : Workspace synchronized with the new hardware specification file. Cleaning dependent projects...
10:44:38 WARN  : Linker script will not be updated automatically. Users need to update it manually.
15:37:04 INFO  : SDK has detected change in the last modified timestamps for source hardware specification file Source:1606788411421,  Project:1606733851920
15:37:04 INFO  : Project bd_wrapper_hw_platform_0's source hardware specification located at C:/shawn/HAPS_DEMO/smf_sd_emmc/smf_sd_emmc.sdk/bd_wrapper.hdf is now different from the local copy.
		 The local copy will be replaced with the source specification and your workspace will be updated.
15:37:06 INFO  : Copied contents of C:/shawn/HAPS_DEMO/smf_sd_emmc/smf_sd_emmc.sdk/bd_wrapper.hdf into \bd_wrapper_hw_platform_0\system.hdf.
15:37:19 INFO  : Synchronizing projects in the workspace with the hardware platform specification changes.
15:37:24 INFO  : 
15:37:25 INFO  : Clearing existing target manager status.
15:37:25 INFO  : Closing and re-opening the MSS file of ther project standalone_bsp_0
15:37:27 INFO  : Workspace synchronized with the new hardware specification file. Cleaning dependent projects...
15:37:27 WARN  : Linker script will not be updated automatically. Users need to update it manually.
15:46:09 INFO  : Example project standalone_bsp_0_xilffs_polled_example_1 has been created successfully.
16:57:52 INFO  : Registering command handlers for SDK TCF services
16:57:52 INFO  : Launching XSCT server: xsct.bat -interactive C:\shawn\HAPS_DEMO\smf_emmc\smf_sd_emmc.sdk\temp_xsdb_launch_script.tcl
16:57:54 INFO  : XSCT server has started successfully.
16:57:55 INFO  : Successfully done setting XSCT server connection channel  
16:57:55 INFO  : Successfully done setting SDK workspace  
16:57:55 INFO  : Processing command line option -hwspec C:/shawn/HAPS_DEMO/smf_emmc/smf_sd_emmc.sdk/bd_wrapper.hdf.
17:01:21 INFO  : Example project standalone_bsp_0_xilffs_polled_example_1 has been created successfully.
17:23:46 INFO  : Refreshed build settings on project standalone_bsp_0_xilffs_polled_example_1
17:24:37 INFO  : Connected to target on host '127.0.0.1' and port '3121'.
17:24:41 INFO  : 'targets -set -filter {jtag_cable_name =~ "Digilent JTAG-HS2 210249854606A" && level==0} -index 0' command is executed.
17:24:48 INFO  : FPGA configured successfully with bitstream "C:/shawn/HAPS_DEMO/smf_emmc/smf_sd_emmc.sdk/bd_wrapper_hw_platform_1/bd_wrapper.bit"
17:25:04 INFO  : Connected to target on host '127.0.0.1' and port '3121'.
17:25:19 INFO  : Jtag cable 'Digilent JTAG-HS2 210249854606A' is selected.
17:25:19 INFO  : 'jtag frequency' command is executed.
17:25:19 INFO  : Sourcing of 'C:/Xilinx/SDK/2019.1/scripts/sdk/util/zynqmp_utils.tcl' is done.
17:25:19 INFO  : Context for 'APU' is selected.
17:25:20 INFO  : Hardware design information is loaded from 'C:/shawn/HAPS_DEMO/smf_emmc/smf_sd_emmc.sdk/bd_wrapper_hw_platform_1/system.hdf'.
17:25:20 INFO  : 'configparams force-mem-access 1' command is executed.
17:25:20 INFO  : Context for 'APU' is selected.
17:25:20 INFO  : Sourcing of 'C:/shawn/HAPS_DEMO/smf_emmc/smf_sd_emmc.sdk/bd_wrapper_hw_platform_1/psu_init.tcl' is done.
17:25:22 INFO  : 'psu_init' command is executed.
17:25:23 INFO  : 'after 1000' command is executed.
17:25:23 INFO  : 'psu_ps_pl_isolation_removal' command is executed.
17:25:24 INFO  : 'after 1000' command is executed.
17:25:24 INFO  : 'psu_ps_pl_reset_config' command is executed.
17:25:24 INFO  : 'catch {psu_protection}' command is executed.
17:25:24 INFO  : Context for processor 'psu_cortexa53_0' is selected.
17:25:24 INFO  : Processor reset is completed for 'psu_cortexa53_0'.
17:25:25 INFO  : The application 'C:/shawn/HAPS_DEMO/smf_emmc/smf_sd_emmc.sdk/standalone_bsp_0_xilffs_polled_example_1/Debug/standalone_bsp_0_xilffs_polled_example_1.elf' is downloaded to processor 'psu_cortexa53_0'.
17:25:25 INFO  : 'configparams force-mem-access 0' command is executed.
17:25:25 INFO  : ----------------XSDB Script----------------
connect -url tcp:127.0.0.1:3121
source C:/Xilinx/SDK/2019.1/scripts/sdk/util/zynqmp_utils.tcl
targets -set -nocase -filter {name =~"APU*" && jtag_cable_name =~ "Digilent JTAG-HS2 210249854606A"} -index 1
loadhw -hw C:/shawn/HAPS_DEMO/smf_emmc/smf_sd_emmc.sdk/bd_wrapper_hw_platform_1/system.hdf -mem-ranges [list {0x80000000 0xbfffffff} {0x400000000 0x5ffffffff} {0x1000000000 0x7fffffffff}]
configparams force-mem-access 1
targets -set -nocase -filter {name =~"APU*" && jtag_cable_name =~ "Digilent JTAG-HS2 210249854606A"} -index 1
source C:/shawn/HAPS_DEMO/smf_emmc/smf_sd_emmc.sdk/bd_wrapper_hw_platform_1/psu_init.tcl
psu_init
after 1000
psu_ps_pl_isolation_removal
after 1000
psu_ps_pl_reset_config
catch {psu_protection}
targets -set -nocase -filter {name =~"*A53*0" && jtag_cable_name =~ "Digilent JTAG-HS2 210249854606A"} -index 1
rst -processor
dow C:/shawn/HAPS_DEMO/smf_emmc/smf_sd_emmc.sdk/standalone_bsp_0_xilffs_polled_example_1/Debug/standalone_bsp_0_xilffs_polled_example_1.elf
configparams force-mem-access 0
----------------End of Script----------------

17:25:26 INFO  : Context for processor 'psu_cortexa53_0' is selected.
17:25:26 INFO  : 'con' command is executed.
17:25:26 INFO  : ----------------XSDB Script (After Launch)----------------
targets -set -nocase -filter {name =~"*A53*0" && jtag_cable_name =~ "Digilent JTAG-HS2 210249854606A"} -index 1
con
----------------End of Script----------------

17:25:26 INFO  : Launch script is exported to file 'C:\shawn\HAPS_DEMO\smf_emmc\smf_sd_emmc.sdk\.sdk\launch_scripts\xilinx_c-c++_application_(system_debugger)\system_debugger_using_debug_standalone_bsp_0_xilffs_polled_example_1.elf_on_local.tcl'
18:04:58 INFO  : Disconnected from the channel tcfchan#1.
